[0.007s] Invoking command in '/home/alberto/ros2_ws/src/sub/build/sub': CMAKE_PREFIX_PATH=/home/alberto/ros2_ws/install/sub:/home/alberto/ros2_ws/install/pid:/opt/ros/humble:/home/alberto/ros2_ws/install/catkin /usr/bin/cmake --build /home/alberto/ros2_ws/src/sub/build/sub -- -j8 -l8
[0.023s] -- Found ament_cmake: 1.3.11 (/opt/ros/humble/share/ament_cmake/cmake)
[0.111s] -- Found rclcpp: 16.0.11 (/opt/ros/humble/share/rclcpp/cmake)
[0.129s] -- Found rosidl_generator_c: 3.1.6 (/opt/ros/humble/share/rosidl_generator_c/cmake)
[0.131s] -- Found rosidl_adapter: 3.1.6 (/opt/ros/humble/share/rosidl_adapter/cmake)
[0.135s] -- Found rosidl_generator_cpp: 3.1.6 (/opt/ros/humble/share/rosidl_generator_cpp/cmake)
[0.141s] -- Using all available rosidl_typesupport_c: rosidl_typesupport_fastrtps_c;rosidl_typesupport_introspection_c
[0.149s] -- Using all available rosidl_typesupport_cpp: rosidl_typesupport_fastrtps_cpp;rosidl_typesupport_introspection_cpp
[0.170s] -- Found rmw_implementation_cmake: 6.1.2 (/opt/ros/humble/share/rmw_implementation_cmake/cmake)
[0.171s] -- Found rmw_fastrtps_cpp: 6.2.7 (/opt/ros/humble/share/rmw_fastrtps_cpp/cmake)
[0.238s] -- Using RMW implementation 'rmw_fastrtps_cpp' as default
[0.273s] -- Found rclpy: 3.3.15 (/opt/ros/humble/share/rclpy/cmake)
[0.273s] -- Found geometry_msgs: 4.2.4 (/opt/ros/humble/share/geometry_msgs/cmake)
[0.281s] -- Found nav_msgs: 4.2.4 (/opt/ros/humble/share/nav_msgs/cmake)
[0.292s] -- Found tf2_geometry_msgs: 0.25.12 (/opt/ros/humble/share/tf2_geometry_msgs/cmake)
[0.295s] -- Found eigen3_cmake_module: 0.1.1 (/opt/ros/humble/share/eigen3_cmake_module/cmake)
[0.296s] -- Ensuring Eigen3 include directory is part of orocos-kdl CMake target
[0.353s] -- Found visualization_msgs: 4.2.4 (/opt/ros/humble/share/visualization_msgs/cmake)
[0.428s] -- Found ament_lint_auto: 0.12.11 (/opt/ros/humble/share/ament_lint_auto/cmake)
[0.517s] -- Added test 'cppcheck' to perform static code analysis on C / C++ code
[0.517s] -- Configured cppcheck include dirs: /home/alberto/ros2_ws/src/sub/libs/src;$<BUILD_INTERFACE:/home/alberto/ros2_ws/src/sub/include>;/home/alberto/ros2_ws/src/sub/libs/uuv_libs
[0.517s] -- Configured cppcheck exclude dirs and/or files: 
[0.521s] -- Added test 'flake8' to check Python code syntax and style conventions
[0.530s] -- Added test 'lint_cmake' to check CMake code style
[0.535s] -- Added test 'pep257' to check Python code against some of the docstring style conventions in PEP 257
[0.568s] -- Added test 'uncrustify' to check C / C++ code style
[0.568s] -- Configured uncrustify additional arguments: 
[0.572s] -- Added test 'xmllint' to check XML markup files
[0.573s] -- Configuring done
[0.586s] -- Generating done
[0.592s] -- Build files have been written to: /home/alberto/ros2_ws/src/sub/build/sub
[0.612s] [35m[1mConsolidate compiler generated dependencies of target objetivo[0m
[0.618s] [ 16%] [32mBuilding CXX object CMakeFiles/uuv_model_lib.dir/libs/src/models/uuv_dynamic_model.cpp.o[0m
[0.623s] In file included from [01m[K/home/alberto/ros2_ws/src/sub/libs/src/models/uuv_dynamic_model.cpp:1[m[K:
[0.624s] [01m[K/home/alberto/ros2_ws/src/sub/libs/src/models/uuv_dynamic_model.h:4:10:[m[K [01;31m[Kfatal error: [m[KEigen/Dense: No such file or directory
[0.624s]     4 | #include [01;31m[K<Eigen/Dense>[m[K
[0.624s]       |          [01;31m[K^~~~~~~~~~~~~[m[K
[0.624s] compilation terminated.
[0.624s] [ 50%] Built target objetivo
[0.624s] gmake[2]: *** [CMakeFiles/uuv_model_lib.dir/build.make:76: CMakeFiles/uuv_model_lib.dir/libs/src/models/uuv_dynamic_model.cpp.o] Error 1
[0.624s] gmake[1]: *** [CMakeFiles/Makefile2:144: CMakeFiles/uuv_model_lib.dir/all] Error 2
[0.624s] gmake[1]: *** Waiting for unfinished jobs....
[0.624s] [ 50%] Built target ament_cmake_python_copy_sub
[0.625s] gmake: *** [Makefile:146: all] Error 2
[0.628s] Invoked command in '/home/alberto/ros2_ws/src/sub/build/sub' returned '2': CMAKE_PREFIX_PATH=/home/alberto/ros2_ws/install/sub:/home/alberto/ros2_ws/install/pid:/opt/ros/humble:/home/alberto/ros2_ws/install/catkin /usr/bin/cmake --build /home/alberto/ros2_ws/src/sub/build/sub -- -j8 -l8
