[ 25%] [32mBuilding CXX object CMakeFiles/dynamic_model_uuv.dir/src/dynamic_model_uuv.cpp.o[0m
[ 75%] Built target objetivo
[01m[K/home/alberto/ros2_ws/src/sub/src/dynamic_model_uuv.cpp:1:10:[m[K [01;31m[Kfatal error: [m[Ktf2/LinearMath/Quaternion.h: No such file or directory
    1 | #include [01;31m[K<tf2/LinearMath/Quaternion.h>[m[K
      |          [01;31m[K^~~~~~~~~~~~~~~~~~~~~~~~~~~~~[m[K
compilation terminated.
gmake[2]: *** [CMakeFiles/dynamic_model_uuv.dir/build.make:76: CMakeFiles/dynamic_model_uuv.dir/src/dynamic_model_uuv.cpp.o] Error 1
[ 75%] Built target ament_cmake_python_copy_sub
gmake[1]: *** [CMakeFiles/Makefile2:194: CMakeFiles/dynamic_model_uuv.dir/all] Error 2
gmake[1]: *** Waiting for unfinished jobs....
gmake: *** [Makefile:146: all] Error 2
