[01m[K/home/alberto/ros2_ws/src/sub/src/dynamic_model_uuv.cpp:17:10:[m[K [01;31m[Kfatal error: [m[Kmodels/uuv_dynamic_model.h: No such file or directory
   17 | #include [01;31m[K"models/uuv_dynamic_model.h"[m[K
      |          [01;31m[K^~~~~~~~~~~~~~~~~~~~~~~~~~~~[m[K
compilation terminated.
gmake[2]: *** [CMakeFiles/dynamic_model_uuv.dir/build.make:76: CMakeFiles/dynamic_model_uuv.dir/src/dynamic_model_uuv.cpp.o] Error 1
gmake[1]: *** [CMakeFiles/Makefile2:194: CMakeFiles/dynamic_model_uuv.dir/all] Error 2
gmake[1]: *** Waiting for unfinished jobs....
gmake: *** [Makefile:146: all] Error 2
