[ 25%] [32mBuilding CXX object CMakeFiles/dynamic_model_uuv.dir/src/dynamic_model_uuv.cpp.o[0m
[ 75%] Built target objetivo
[ 75%] Built target ament_cmake_python_copy_sub
running egg_info
writing sub.egg-info/PKG-INFO
writing dependency_links to sub.egg-info/dependency_links.txt
writing top-level names to sub.egg-info/top_level.txt
[01m[K/home/alberto/ros2_ws/src/sub/src/dynamic_model_uuv.cpp:17:10:[m[K [01;31m[Kfatal error: [m[Kmodels/uuv_dynamic_model.h: No such file or directory
   17 | #include [01;31m[K"models/uuv_dynamic_model.h"[m[K
      |          [01;31m[K^~~~~~~~~~~~~~~~~~~~~~~~~~~~[m[K
compilation terminated.
gmake[2]: *** [CMakeFiles/dynamic_model_uuv.dir/build.make:76: CMakeFiles/dynamic_model_uuv.dir/src/dynamic_model_uuv.cpp.o] Error 1
gmake[1]: *** [CMakeFiles/Makefile2:194: CMakeFiles/dynamic_model_uuv.dir/all] Error 2
gmake[1]: *** Waiting for unfinished jobs....
reading manifest file 'sub.egg-info/SOURCES.txt'
writing manifest file 'sub.egg-info/SOURCES.txt'
[ 75%] Built target ament_cmake_python_build_sub_egg
gmake: *** [Makefile:146: all] Error 2
