[0.007s] Invoking command in '/home/alberto/ros2_ws/src/sub/build/sub': CMAKE_PREFIX_PATH=/home/alberto/ros2_ws/install/sub:/home/alberto/ros2_ws/install/pid:/opt/ros/humble:/home/alberto/ros2_ws/install/catkin /usr/bin/cmake --build /home/alberto/ros2_ws/src/sub/build/sub -- -j8 -l8
[0.024s] -- Found ament_cmake: 1.3.11 (/opt/ros/humble/share/ament_cmake/cmake)
[0.111s] -- Found rclcpp: 16.0.11 (/opt/ros/humble/share/rclcpp/cmake)
[0.130s] -- Found rosidl_generator_c: 3.1.6 (/opt/ros/humble/share/rosidl_generator_c/cmake)
[0.131s] -- Found rosidl_adapter: 3.1.6 (/opt/ros/humble/share/rosidl_adapter/cmake)
[0.136s] -- Found rosidl_generator_cpp: 3.1.6 (/opt/ros/humble/share/rosidl_generator_cpp/cmake)
[0.142s] -- Using all available rosidl_typesupport_c: rosidl_typesupport_fastrtps_c;rosidl_typesupport_introspection_c
[0.150s] -- Using all available rosidl_typesupport_cpp: rosidl_typesupport_fastrtps_cpp;rosidl_typesupport_introspection_cpp
[0.170s] -- Found rmw_implementation_cmake: 6.1.2 (/opt/ros/humble/share/rmw_implementation_cmake/cmake)
[0.171s] -- Found rmw_fastrtps_cpp: 6.2.7 (/opt/ros/humble/share/rmw_fastrtps_cpp/cmake)
[0.235s] -- Using RMW implementation 'rmw_fastrtps_cpp' as default
[0.267s] -- Found rclpy: 3.3.15 (/opt/ros/humble/share/rclpy/cmake)
[0.267s] -- Found geometry_msgs: 4.2.4 (/opt/ros/humble/share/geometry_msgs/cmake)
[0.275s] -- Found nav_msgs: 4.2.4 (/opt/ros/humble/share/nav_msgs/cmake)
[0.285s] -- Found tf2_geometry_msgs: 0.25.12 (/opt/ros/humble/share/tf2_geometry_msgs/cmake)
[0.287s] -- Found eigen3_cmake_module: 0.1.1 (/opt/ros/humble/share/eigen3_cmake_module/cmake)
[0.289s] -- Ensuring Eigen3 include directory is part of orocos-kdl CMake target
[0.343s] -- Found visualization_msgs: 4.2.4 (/opt/ros/humble/share/visualization_msgs/cmake)
[0.412s] -- Found ament_lint_auto: 0.12.11 (/opt/ros/humble/share/ament_lint_auto/cmake)
[0.491s] -- Added test 'cppcheck' to perform static code analysis on C / C++ code
[0.492s] -- Configured cppcheck include dirs: $<BUILD_INTERFACE:/home/alberto/ros2_ws/src/sub/include>;/home/alberto/ros2_ws/src/sub/libs/uuv_libs
[0.492s] -- Configured cppcheck exclude dirs and/or files: 
[0.496s] -- Added test 'flake8' to check Python code syntax and style conventions
[0.504s] -- Added test 'lint_cmake' to check CMake code style
[0.509s] -- Added test 'pep257' to check Python code against some of the docstring style conventions in PEP 257
[0.545s] -- Added test 'uncrustify' to check C / C++ code style
[0.545s] -- Configured uncrustify additional arguments: 
[0.551s] -- Added test 'xmllint' to check XML markup files
[0.552s] -- Configuring done
[0.564s] -- Generating done
[0.569s] -- Build files have been written to: /home/alberto/ros2_ws/src/sub/build/sub
[0.586s] [35m[1mConsolidate compiler generated dependencies of target objetivo[0m
[0.593s] [ 25%] [32mBuilding CXX object CMakeFiles/dynamic_model_uuv.dir/src/dynamic_model_uuv.cpp.o[0m
[0.598s] [ 75%] Built target objetivo
[0.599s] [ 75%] Built target ament_cmake_python_copy_sub
[0.741s] running egg_info
[0.753s] writing sub.egg-info/PKG-INFO
[0.753s] writing dependency_links to sub.egg-info/dependency_links.txt
[0.754s] writing top-level names to sub.egg-info/top_level.txt
[0.773s] [01m[K/home/alberto/ros2_ws/src/sub/src/dynamic_model_uuv.cpp:17:10:[m[K [01;31m[Kfatal error: [m[Ksrc/model/uuv_dynamic_model.h: No such file or directory
[0.773s]    17 | #include [01;31m[K"src/model/uuv_dynamic_model.h"[m[K
[0.773s]       |          [01;31m[K^~~~~~~~~~~~~~~~~~~~~~~~~~~~~~~[m[K
[0.773s] compilation terminated.
[0.774s] gmake[2]: *** [CMakeFiles/dynamic_model_uuv.dir/build.make:76: CMakeFiles/dynamic_model_uuv.dir/src/dynamic_model_uuv.cpp.o] Error 1
[0.774s] gmake[1]: *** [CMakeFiles/Makefile2:194: CMakeFiles/dynamic_model_uuv.dir/all] Error 2
[0.775s] gmake[1]: *** Waiting for unfinished jobs....
[0.789s] reading manifest file 'sub.egg-info/SOURCES.txt'
[0.790s] writing manifest file 'sub.egg-info/SOURCES.txt'
[0.810s] [ 75%] Built target ament_cmake_python_build_sub_egg
[0.810s] gmake: *** [Makefile:146: all] Error 2
[0.812s] Invoked command in '/home/alberto/ros2_ws/src/sub/build/sub' returned '2': CMAKE_PREFIX_PATH=/home/alberto/ros2_ws/install/sub:/home/alberto/ros2_ws/install/pid:/opt/ros/humble:/home/alberto/ros2_ws/install/catkin /usr/bin/cmake --build /home/alberto/ros2_ws/src/sub/build/sub -- -j8 -l8
